c:\users\lli1\onedrive\desktop\lab2\lab2\lab2\lab2\debug\vc90.pdb
c:\users\lli1\onedrive\desktop\lab2\lab2\lab2\lab2\debug\transformgroup.obj
c:\users\lli1\onedrive\desktop\lab2\lab2\lab2\lab2\debug\transformation.obj
c:\users\lli1\onedrive\desktop\lab2\lab2\lab2\lab2\debug\tinygeom.obj
c:\users\lli1\onedrive\desktop\lab2\lab2\lab2\lab2\debug\main.obj
c:\users\lli1\onedrive\desktop\lab2\lab2\lab2\lab2\debug\ifsviewer.obj
c:\users\lli1\onedrive\desktop\lab2\lab2\lab2\lab2\debug\geometryviewer.obj
c:\users\lli1\onedrive\desktop\lab2\lab2\lab2\lab2\debug\framewindow.obj
c:\users\lli1\onedrive\desktop\lab2\lab2\lab2\lab2\debug\common.obj
c:\users\lli1\onedrive\desktop\lab2\lab2\lab2\lab2\debug\basegrid.obj
c:\users\lli1\onedrive\desktop\lab2\lab2\lab2\lab2\debug\bmpfile.obj
c:\users\lli1\onedrive\desktop\lab2\lab2\lab2\lab2\debug\lab.exe
c:\users\lli1\onedrive\desktop\lab2\lab2\lab2\lab2\debug\lab.pdb
c:\users\andre\downloads\lab2\debug\basegrid.obj
c:\users\andre\downloads\lab2\debug\bmpfile.obj
c:\users\andre\downloads\lab2\debug\cmap.obj
c:\users\andre\downloads\lab2\debug\common.obj
c:\users\andre\downloads\lab2\debug\dump_compose.obj
c:\users\andre\downloads\lab2\debug\filename_absolute.obj
c:\users\andre\downloads\lab2\debug\filename_expand.obj
c:\users\andre\downloads\lab2\debug\filename_ext.obj
c:\users\andre\downloads\lab2\debug\filename_isdir.obj
c:\users\andre\downloads\lab2\debug\filename_list.obj
c:\users\andre\downloads\lab2\debug\filename_match.obj
c:\users\andre\downloads\lab2\debug\filename_setext.obj
c:\users\andre\downloads\lab2\debug\fl.obj
c:\users\andre\downloads\lab2\debug\flstring.obj
c:\users\andre\downloads\lab2\debug\fl_abort.obj
c:\users\andre\downloads\lab2\debug\fl_add_idle.obj
c:\users\andre\downloads\lab2\debug\fl_adjuster.obj
c:\users\andre\downloads\lab2\debug\fl_arc.obj
c:\users\andre\downloads\lab2\debug\fl_arci.obj
c:\users\andre\downloads\lab2\debug\fl_arg.obj
c:\users\andre\downloads\lab2\debug\fl_ask.obj
c:\users\andre\downloads\lab2\debug\fl_bitmap.obj
c:\users\andre\downloads\lab2\debug\fl_bmp_image.obj
c:\users\andre\downloads\lab2\debug\fl_box.obj
c:\users\andre\downloads\lab2\debug\fl_boxtype.obj
c:\users\andre\downloads\lab2\debug\fl_browser.obj
c:\users\andre\downloads\lab2\debug\fl_browser_.obj
c:\users\andre\downloads\lab2\debug\fl_browser_load.obj
c:\users\andre\downloads\lab2\debug\fl_button.obj
c:\users\andre\downloads\lab2\debug\fl_call_main.obj
c:\users\andre\downloads\lab2\debug\fl_chart.obj
c:\users\andre\downloads\lab2\debug\fl_check_browser.obj
c:\users\andre\downloads\lab2\debug\fl_check_button.obj
c:\users\andre\downloads\lab2\debug\fl_choice.obj
c:\users\andre\downloads\lab2\debug\fl_clock.obj
c:\users\andre\downloads\lab2\debug\fl_color.obj
c:\users\andre\downloads\lab2\debug\fl_color_chooser.obj
c:\users\andre\downloads\lab2\debug\fl_compose.obj
c:\users\andre\downloads\lab2\debug\fl_counter.obj
c:\users\andre\downloads\lab2\debug\fl_cursor.obj
c:\users\andre\downloads\lab2\debug\fl_curve.obj
c:\users\andre\downloads\lab2\debug\fl_dial.obj
c:\users\andre\downloads\lab2\debug\fl_diamond_box.obj
c:\users\andre\downloads\lab2\debug\fl_display.obj
c:\users\andre\downloads\lab2\debug\fl_dnd.obj
c:\users\andre\downloads\lab2\debug\fl_double_window.obj
c:\users\andre\downloads\lab2\debug\fl_draw.obj
c:\users\andre\downloads\lab2\debug\fl_draw_image.obj
c:\users\andre\downloads\lab2\debug\fl_draw_pixmap.obj
c:\users\andre\downloads\lab2\debug\fl_encoding_latin1.obj
c:\users\andre\downloads\lab2\debug\fl_engraved_label.obj
c:\users\andre\downloads\lab2\debug\fl_file_browser.obj
c:\users\andre\downloads\lab2\debug\fl_file_chooser.obj
c:\users\andre\downloads\lab2\debug\fl_file_chooser2.obj
c:\users\andre\downloads\lab2\debug\fl_file_dir.obj
c:\users\andre\downloads\lab2\debug\fl_file_icon.obj
c:\users\andre\downloads\lab2\debug\fl_file_icon2.obj
c:\users\andre\downloads\lab2\debug\fl_file_input.obj
c:\users\andre\downloads\lab2\debug\fl_font.obj
c:\users\andre\downloads\lab2\debug\fl_get_key.obj
c:\users\andre\downloads\lab2\debug\fl_get_system_colors.obj
c:\users\andre\downloads\lab2\debug\fl_gif_image.obj
c:\users\andre\downloads\lab2\debug\fl_gl_choice.obj
c:\users\andre\downloads\lab2\debug\fl_gl_overlay.obj
c:\users\andre\downloads\lab2\debug\fl_gl_window.obj
c:\users\andre\downloads\lab2\debug\fl_grab.obj
c:\users\andre\downloads\lab2\debug\fl_group.obj
c:\users\andre\downloads\lab2\debug\fl_gtk.obj
c:\users\andre\downloads\lab2\debug\fl_help_dialog.obj
c:\users\andre\downloads\lab2\debug\fl_help_view.obj
c:\users\andre\downloads\lab2\debug\fl_image.obj
c:\users\andre\downloads\lab2\debug\fl_images_core.obj
c:\users\andre\downloads\lab2\debug\fl_input.obj
c:\users\andre\downloads\lab2\debug\fl_input_.obj
c:\users\andre\downloads\lab2\debug\fl_labeltype.obj
c:\users\andre\downloads\lab2\debug\fl_light_button.obj
c:\users\andre\downloads\lab2\debug\fl_line_style.obj
c:\users\andre\downloads\lab2\debug\fl_lock.obj
c:\users\andre\downloads\lab2\debug\fl_menu.obj
c:\users\andre\downloads\lab2\debug\fl_menu_.obj
c:\users\andre\downloads\lab2\debug\fl_menu_add.obj
c:\users\andre\downloads\lab2\debug\fl_menu_bar.obj
c:\users\andre\downloads\lab2\debug\fl_menu_button.obj
c:\users\andre\downloads\lab2\debug\fl_menu_global.obj
c:\users\andre\downloads\lab2\debug\fl_menu_window.obj
c:\users\andre\downloads\lab2\debug\fl_multi_label.obj
c:\users\andre\downloads\lab2\debug\fl_open_uri.obj
c:\users\andre\downloads\lab2\debug\fl_oval_box.obj
c:\users\andre\downloads\lab2\debug\fl_overlay.obj
c:\users\andre\downloads\lab2\debug\fl_overlay_visual.obj
c:\users\andre\downloads\lab2\debug\fl_overlay_window.obj
c:\users\andre\downloads\lab2\debug\fl_own_colormap.obj
c:\users\andre\downloads\lab2\debug\fl_pack.obj
c:\users\andre\downloads\lab2\debug\fl_pixmap.obj
c:\users\andre\downloads\lab2\debug\fl_plastic.obj
c:\users\andre\downloads\lab2\debug\fl_pnm_image.obj
c:\users\andre\downloads\lab2\debug\fl_positioner.obj
c:\users\andre\downloads\lab2\debug\fl_preferences.obj
c:\users\andre\downloads\lab2\debug\fl_progress.obj
c:\users\andre\downloads\lab2\debug\fl_read_image.obj
c:\users\andre\downloads\lab2\debug\fl_rect.obj
c:\users\andre\downloads\lab2\debug\fl_repeat_button.obj
c:\users\andre\downloads\lab2\debug\fl_return_button.obj
c:\users\andre\downloads\lab2\debug\fl_roller.obj
c:\users\andre\downloads\lab2\debug\fl_rounded_box.obj
c:\users\andre\downloads\lab2\debug\fl_round_box.obj
c:\users\andre\downloads\lab2\debug\fl_round_button.obj
c:\users\andre\downloads\lab2\debug\fl_scroll.obj
c:\users\andre\downloads\lab2\debug\fl_scrollbar.obj
c:\users\andre\downloads\lab2\debug\fl_scroll_area.obj
c:\users\andre\downloads\lab2\debug\fl_set_font.obj
c:\users\andre\downloads\lab2\debug\fl_set_fonts.obj
c:\users\andre\downloads\lab2\debug\fl_shadow_box.obj
c:\users\andre\downloads\lab2\debug\fl_shared_image.obj
c:\users\andre\downloads\lab2\debug\fl_shortcut.obj
c:\users\andre\downloads\lab2\debug\fl_show_colormap.obj
c:\users\andre\downloads\lab2\debug\fl_single_window.obj
c:\users\andre\downloads\lab2\debug\fl_slider.obj
c:\users\andre\downloads\lab2\debug\fl_symbols.obj
c:\users\andre\downloads\lab2\debug\fl_sys_menu_bar.obj
c:\users\andre\downloads\lab2\debug\fl_tabs.obj
c:\users\andre\downloads\lab2\debug\fl_text_buffer.obj
c:\users\andre\downloads\lab2\debug\fl_text_display.obj
c:\users\andre\downloads\lab2\debug\fl_text_editor.obj
c:\users\andre\downloads\lab2\debug\fl_tile.obj
c:\users\andre\downloads\lab2\debug\fl_tiled_image.obj
c:\users\andre\downloads\lab2\debug\fl_tooltip.obj
c:\users\andre\downloads\lab2\debug\fl_valuator.obj
c:\users\andre\downloads\lab2\debug\fl_value_input.obj
c:\users\andre\downloads\lab2\debug\fl_value_output.obj
c:\users\andre\downloads\lab2\debug\fl_value_slider.obj
c:\users\andre\downloads\lab2\debug\fl_vertex.obj
c:\users\andre\downloads\lab2\debug\fl_visual.obj
c:\users\andre\downloads\lab2\debug\fl_widget.obj
c:\users\andre\downloads\lab2\debug\fl_window.obj
c:\users\andre\downloads\lab2\debug\fl_window_fullscreen.obj
c:\users\andre\downloads\lab2\debug\fl_window_hotspot.obj
c:\users\andre\downloads\lab2\debug\fl_window_iconize.obj
c:\users\andre\downloads\lab2\debug\fl_wizard.obj
c:\users\andre\downloads\lab2\debug\fl_x.obj
c:\users\andre\downloads\lab2\debug\fl_xbm_image.obj
c:\users\andre\downloads\lab2\debug\fl_xpm_image.obj
c:\users\andre\downloads\lab2\debug\forms_bitmap.obj
c:\users\andre\downloads\lab2\debug\forms_compatability.obj
c:\users\andre\downloads\lab2\debug\forms_free.obj
c:\users\andre\downloads\lab2\debug\forms_fselect.obj
c:\users\andre\downloads\lab2\debug\forms_pixmap.obj
c:\users\andre\downloads\lab2\debug\forms_timer.obj
c:\users\andre\downloads\lab2\debug\framewindow.obj
c:\users\andre\downloads\lab2\debug\freeglut_geometry.obj
c:\users\andre\downloads\lab2\debug\freeglut_stroke_mono_roman.obj
c:\users\andre\downloads\lab2\debug\freeglut_stroke_roman.obj
c:\users\andre\downloads\lab2\debug\freeglut_teapot.obj
c:\users\andre\downloads\lab2\debug\geometryviewer.obj
c:\users\andre\downloads\lab2\debug\glut_compatability.obj
c:\users\andre\downloads\lab2\debug\glut_font.obj
c:\users\andre\downloads\lab2\debug\gl_draw.obj
c:\users\andre\downloads\lab2\debug\gl_start.obj
c:\users\andre\downloads\lab2\debug\ifsviewer.obj
c:\users\andre\downloads\lab2\debug\main.obj
c:\users\andre\downloads\lab2\debug\numericsort.obj
c:\users\andre\downloads\lab2\debug\scandir.obj
c:\users\andre\downloads\lab2\debug\screen_xywh.obj
c:\users\andre\downloads\lab2\debug\tinygeom.obj
c:\users\andre\downloads\lab2\debug\transformation.obj
c:\users\andre\downloads\lab2\debug\transformgroup.obj
c:\users\andre\downloads\lab2\debug\vsnprintf.obj
c:\users\andre\downloads\lab2\debug\lab.pdb
c:\users\andre\downloads\lab2\debug\vc90.pdb
c:\users\andre\downloads\lab2\debug\fltk.bsc
c:\users\andre\downloads\lab2\debug\cmap.sbr
c:\users\andre\downloads\lab2\debug\dump_compose.sbr
c:\users\andre\downloads\lab2\debug\filename_absolute.sbr
c:\users\andre\downloads\lab2\debug\filename_expand.sbr
c:\users\andre\downloads\lab2\debug\filename_ext.sbr
c:\users\andre\downloads\lab2\debug\filename_isdir.sbr
c:\users\andre\downloads\lab2\debug\filename_list.sbr
c:\users\andre\downloads\lab2\debug\filename_match.sbr
c:\users\andre\downloads\lab2\debug\filename_setext.sbr
c:\users\andre\downloads\lab2\debug\fl.sbr
c:\users\andre\downloads\lab2\debug\flstring.sbr
c:\users\andre\downloads\lab2\debug\fl_abort.sbr
c:\users\andre\downloads\lab2\debug\fl_add_idle.sbr
c:\users\andre\downloads\lab2\debug\fl_adjuster.sbr
c:\users\andre\downloads\lab2\debug\fl_arc.sbr
c:\users\andre\downloads\lab2\debug\fl_arci.sbr
c:\users\andre\downloads\lab2\debug\fl_arg.sbr
c:\users\andre\downloads\lab2\debug\fl_ask.sbr
c:\users\andre\downloads\lab2\debug\fl_bitmap.sbr
c:\users\andre\downloads\lab2\debug\fl_bmp_image.sbr
c:\users\andre\downloads\lab2\debug\fl_box.sbr
c:\users\andre\downloads\lab2\debug\fl_boxtype.sbr
c:\users\andre\downloads\lab2\debug\fl_browser.sbr
c:\users\andre\downloads\lab2\debug\fl_browser_.sbr
c:\users\andre\downloads\lab2\debug\fl_browser_load.sbr
c:\users\andre\downloads\lab2\debug\fl_button.sbr
c:\users\andre\downloads\lab2\debug\fl_call_main.sbr
c:\users\andre\downloads\lab2\debug\fl_chart.sbr
c:\users\andre\downloads\lab2\debug\fl_check_browser.sbr
c:\users\andre\downloads\lab2\debug\fl_check_button.sbr
c:\users\andre\downloads\lab2\debug\fl_choice.sbr
c:\users\andre\downloads\lab2\debug\fl_clock.sbr
c:\users\andre\downloads\lab2\debug\fl_color.sbr
c:\users\andre\downloads\lab2\debug\fl_color_chooser.sbr
c:\users\andre\downloads\lab2\debug\fl_compose.sbr
c:\users\andre\downloads\lab2\debug\fl_counter.sbr
c:\users\andre\downloads\lab2\debug\fl_cursor.sbr
c:\users\andre\downloads\lab2\debug\fl_curve.sbr
c:\users\andre\downloads\lab2\debug\fl_dial.sbr
c:\users\andre\downloads\lab2\debug\fl_diamond_box.sbr
c:\users\andre\downloads\lab2\debug\fl_display.sbr
c:\users\andre\downloads\lab2\debug\fl_dnd.sbr
c:\users\andre\downloads\lab2\debug\fl_double_window.sbr
c:\users\andre\downloads\lab2\debug\fl_draw.sbr
c:\users\andre\downloads\lab2\debug\fl_draw_image.sbr
c:\users\andre\downloads\lab2\debug\fl_draw_pixmap.sbr
c:\users\andre\downloads\lab2\debug\fl_encoding_latin1.sbr
c:\users\andre\downloads\lab2\debug\fl_engraved_label.sbr
c:\users\andre\downloads\lab2\debug\fl_file_browser.sbr
c:\users\andre\downloads\lab2\debug\fl_file_chooser.sbr
c:\users\andre\downloads\lab2\debug\fl_file_chooser2.sbr
c:\users\andre\downloads\lab2\debug\fl_file_dir.sbr
c:\users\andre\downloads\lab2\debug\fl_file_icon.sbr
c:\users\andre\downloads\lab2\debug\fl_file_icon2.sbr
c:\users\andre\downloads\lab2\debug\fl_file_input.sbr
c:\users\andre\downloads\lab2\debug\fl_font.sbr
c:\users\andre\downloads\lab2\debug\fl_get_key.sbr
c:\users\andre\downloads\lab2\debug\fl_get_system_colors.sbr
c:\users\andre\downloads\lab2\debug\fl_gif_image.sbr
c:\users\andre\downloads\lab2\debug\fl_gl_choice.sbr
c:\users\andre\downloads\lab2\debug\fl_gl_overlay.sbr
c:\users\andre\downloads\lab2\debug\fl_gl_window.sbr
c:\users\andre\downloads\lab2\debug\fl_grab.sbr
c:\users\andre\downloads\lab2\debug\fl_group.sbr
c:\users\andre\downloads\lab2\debug\fl_gtk.sbr
c:\users\andre\downloads\lab2\debug\fl_help_dialog.sbr
c:\users\andre\downloads\lab2\debug\fl_help_view.sbr
c:\users\andre\downloads\lab2\debug\fl_image.sbr
c:\users\andre\downloads\lab2\debug\fl_images_core.sbr
c:\users\andre\downloads\lab2\debug\fl_input.sbr
c:\users\andre\downloads\lab2\debug\fl_input_.sbr
c:\users\andre\downloads\lab2\debug\fl_labeltype.sbr
c:\users\andre\downloads\lab2\debug\fl_light_button.sbr
c:\users\andre\downloads\lab2\debug\fl_line_style.sbr
c:\users\andre\downloads\lab2\debug\fl_lock.sbr
c:\users\andre\downloads\lab2\debug\fl_menu.sbr
c:\users\andre\downloads\lab2\debug\fl_menu_.sbr
c:\users\andre\downloads\lab2\debug\fl_menu_add.sbr
c:\users\andre\downloads\lab2\debug\fl_menu_bar.sbr
c:\users\andre\downloads\lab2\debug\fl_menu_button.sbr
c:\users\andre\downloads\lab2\debug\fl_menu_global.sbr
c:\users\andre\downloads\lab2\debug\fl_menu_window.sbr
c:\users\andre\downloads\lab2\debug\fl_multi_label.sbr
c:\users\andre\downloads\lab2\debug\fl_open_uri.sbr
c:\users\andre\downloads\lab2\debug\fl_oval_box.sbr
c:\users\andre\downloads\lab2\debug\fl_overlay.sbr
c:\users\andre\downloads\lab2\debug\fl_overlay_visual.sbr
c:\users\andre\downloads\lab2\debug\fl_overlay_window.sbr
c:\users\andre\downloads\lab2\debug\fl_own_colormap.sbr
c:\users\andre\downloads\lab2\debug\fl_pack.sbr
c:\users\andre\downloads\lab2\debug\fl_pixmap.sbr
c:\users\andre\downloads\lab2\debug\fl_plastic.sbr
c:\users\andre\downloads\lab2\debug\fl_pnm_image.sbr
c:\users\andre\downloads\lab2\debug\fl_positioner.sbr
c:\users\andre\downloads\lab2\debug\fl_preferences.sbr
c:\users\andre\downloads\lab2\debug\fl_progress.sbr
c:\users\andre\downloads\lab2\debug\fl_read_image.sbr
c:\users\andre\downloads\lab2\debug\fl_rect.sbr
c:\users\andre\downloads\lab2\debug\fl_repeat_button.sbr
c:\users\andre\downloads\lab2\debug\fl_return_button.sbr
c:\users\andre\downloads\lab2\debug\fl_roller.sbr
c:\users\andre\downloads\lab2\debug\fl_rounded_box.sbr
c:\users\andre\downloads\lab2\debug\fl_round_box.sbr
c:\users\andre\downloads\lab2\debug\fl_round_button.sbr
c:\users\andre\downloads\lab2\debug\fl_scroll.sbr
c:\users\andre\downloads\lab2\debug\fl_scrollbar.sbr
c:\users\andre\downloads\lab2\debug\fl_scroll_area.sbr
c:\users\andre\downloads\lab2\debug\fl_set_font.sbr
c:\users\andre\downloads\lab2\debug\fl_set_fonts.sbr
c:\users\andre\downloads\lab2\debug\fl_shadow_box.sbr
c:\users\andre\downloads\lab2\debug\fl_shared_image.sbr
c:\users\andre\downloads\lab2\debug\fl_shortcut.sbr
c:\users\andre\downloads\lab2\debug\fl_show_colormap.sbr
c:\users\andre\downloads\lab2\debug\fl_single_window.sbr
c:\users\andre\downloads\lab2\debug\fl_slider.sbr
c:\users\andre\downloads\lab2\debug\fl_symbols.sbr
c:\users\andre\downloads\lab2\debug\fl_sys_menu_bar.sbr
c:\users\andre\downloads\lab2\debug\fl_tabs.sbr
c:\users\andre\downloads\lab2\debug\fl_text_buffer.sbr
c:\users\andre\downloads\lab2\debug\fl_text_display.sbr
c:\users\andre\downloads\lab2\debug\fl_text_editor.sbr
c:\users\andre\downloads\lab2\debug\fl_tile.sbr
c:\users\andre\downloads\lab2\debug\fl_tiled_image.sbr
c:\users\andre\downloads\lab2\debug\fl_tooltip.sbr
c:\users\andre\downloads\lab2\debug\fl_valuator.sbr
c:\users\andre\downloads\lab2\debug\fl_value_input.sbr
c:\users\andre\downloads\lab2\debug\fl_value_output.sbr
c:\users\andre\downloads\lab2\debug\fl_value_slider.sbr
c:\users\andre\downloads\lab2\debug\fl_vertex.sbr
c:\users\andre\downloads\lab2\debug\fl_visual.sbr
c:\users\andre\downloads\lab2\debug\fl_widget.sbr
c:\users\andre\downloads\lab2\debug\fl_window.sbr
c:\users\andre\downloads\lab2\debug\fl_window_fullscreen.sbr
c:\users\andre\downloads\lab2\debug\fl_window_hotspot.sbr
c:\users\andre\downloads\lab2\debug\fl_window_iconize.sbr
c:\users\andre\downloads\lab2\debug\fl_wizard.sbr
c:\users\andre\downloads\lab2\debug\fl_x.sbr
c:\users\andre\downloads\lab2\debug\fl_xbm_image.sbr
c:\users\andre\downloads\lab2\debug\fl_xpm_image.sbr
c:\users\andre\downloads\lab2\debug\forms_bitmap.sbr
c:\users\andre\downloads\lab2\debug\forms_compatability.sbr
c:\users\andre\downloads\lab2\debug\forms_free.sbr
c:\users\andre\downloads\lab2\debug\forms_fselect.sbr
c:\users\andre\downloads\lab2\debug\forms_pixmap.sbr
c:\users\andre\downloads\lab2\debug\forms_timer.sbr
c:\users\andre\downloads\lab2\debug\freeglut_geometry.sbr
c:\users\andre\downloads\lab2\debug\freeglut_stroke_mono_roman.sbr
c:\users\andre\downloads\lab2\debug\freeglut_stroke_roman.sbr
c:\users\andre\downloads\lab2\debug\freeglut_teapot.sbr
c:\users\andre\downloads\lab2\debug\glut_compatability.sbr
c:\users\andre\downloads\lab2\debug\glut_font.sbr
c:\users\andre\downloads\lab2\debug\gl_draw.sbr
c:\users\andre\downloads\lab2\debug\gl_start.sbr
c:\users\andre\downloads\lab2\debug\numericsort.sbr
c:\users\andre\downloads\lab2\debug\scandir.sbr
c:\users\andre\downloads\lab2\debug\screen_xywh.sbr
c:\users\andre\downloads\lab2\debug\vsnprintf.sbr
c:\users\andre\downloads\lab2\debug\lab.exe
c:\users\andre\downloads\lab2\debug\lab.tlog\cl.command.1.tlog
c:\users\andre\downloads\lab2\debug\lab.tlog\cl.read.1.tlog
c:\users\andre\downloads\lab2\debug\lab.tlog\cl.write.1.tlog
c:\users\andre\downloads\lab2\debug\lab.tlog\link.command.1.tlog
c:\users\andre\downloads\lab2\debug\lab.tlog\link.read.1.tlog
c:\users\andre\downloads\lab2\debug\lab.tlog\link.write.1.tlog
